Build started 13/04/2015 17:01:42.
     1>Project "C:\Users\Samuel\Documents\GitHub\Rasmus\DLL Solution\Bot\SpelunkBot\SpelunkBot.vcxproj" on node 2 (Build target(s)).
     1>C:\Program Files (x86)\MSBuild\Microsoft.Cpp\v4.0\V120\Microsoft.CppBuild.targets(364,5): warning MSB8004: Output Directory does not end with a trailing slash.  This build instance will add the slash as it is required to allow proper evaluation of the Output Directory.
     1>C:\Program Files (x86)\MSBuild\Microsoft.Cpp\v4.0\V120\Microsoft.CppBuild.targets(388,5): warning MSB8028: The intermediate directory (Release\) contains files shared from another project (SpelunkBot.vcxproj).  This can lead to incorrect clean and rebuild behavior.
     1>ClCompile:
         C:\Program Files (x86)\Microsoft Visual Studio 12.0\VC\bin\CL.exe /c /Zi /nologo /W3 /WX- /O2 /Oi /Oy- /GL /D WIN32 /D NDEBUG /D _WINDOWS /D _USRDLL /D SPELUNKBOT_EXPORTS /D _WINDLL /D _UNICODE /D UNICODE /Gm- /EHsc /MD /GS /Gy /fp:precise /Zc:wchar_t /Zc:forScope /Yu"stdafx.h" /Fp"Release\Bot.pch" /Fo"Release\\" /Fd"Release\vc120.pdb" /Gd /TP /analyze- /errorReport:prompt Bot.cpp
         Bot.cpp
     1>Bot.cpp(241): warning C4551: function call missing argument list
     1>Bot.cpp(243): warning C4551: function call missing argument list
     1>Bot.cpp(245): warning C4551: function call missing argument list
     1>Bot.cpp(251): warning C4551: function call missing argument list
     1>Bot.cpp(253): warning C4551: function call missing argument list
     1>Bot.cpp(255): warning C4551: function call missing argument list
     1>Bot.cpp(262): warning C4551: function call missing argument list
     1>Bot.cpp(264): warning C4551: function call missing argument list
     1>Bot.cpp(266): warning C4551: function call missing argument list
     1>Bot.cpp(271): warning C4551: function call missing argument list
     1>Bot.cpp(273): warning C4551: function call missing argument list
     1>Bot.cpp(275): warning C4551: function call missing argument list
     1>Bot.cpp(338): warning C4800: 'double' : forcing value to bool 'true' or 'false' (performance warning)
     1>Bot.cpp(344): warning C4800: 'double' : forcing value to bool 'true' or 'false' (performance warning)
     1>Bot.cpp(345): warning C4800: 'double' : forcing value to bool 'true' or 'false' (performance warning)
     1>Bot.cpp(346): warning C4800: 'double' : forcing value to bool 'true' or 'false' (performance warning)
     1>Bot.cpp(347): warning C4800: 'double' : forcing value to bool 'true' or 'false' (performance warning)
     1>Bot.cpp(350): warning C4800: 'double' : forcing value to bool 'true' or 'false' (performance warning)
     1>Bot.cpp(351): warning C4800: 'double' : forcing value to bool 'true' or 'false' (performance warning)
     1>Bot.cpp(353): warning C4800: 'double' : forcing value to bool 'true' or 'false' (performance warning)
     1>Bot.cpp(354): warning C4800: 'double' : forcing value to bool 'true' or 'false' (performance warning)
     1>Bot.cpp(486): warning C4244: '+=' : conversion from 'double' to 'int', possible loss of data
     1>Bot.cpp(498): warning C4244: '=' : conversion from 'double' to 'int', possible loss of data
     1>Bot.cpp(530): warning C4551: function call missing argument list
     1>Bot.cpp(532): warning C4551: function call missing argument list
     1>Bot.cpp(534): warning C4551: function call missing argument list
     1>Bot.cpp(539): warning C4551: function call missing argument list
     1>Bot.cpp(541): warning C4551: function call missing argument list
     1>Bot.cpp(543): warning C4551: function call missing argument list
     1>Bot.cpp(551): warning C4551: function call missing argument list
     1>Bot.cpp(553): warning C4551: function call missing argument list
     1>Bot.cpp(555): warning C4551: function call missing argument list
     1>Bot.cpp(561): warning C4551: function call missing argument list
     1>Bot.cpp(563): warning C4551: function call missing argument list
     1>Bot.cpp(565): warning C4551: function call missing argument list
     1>Bot.cpp(643): warning C4244: '=' : conversion from 'double' to 'int', possible loss of data
     1>Bot.cpp(649): warning C4244: '=' : conversion from 'double' to 'int', possible loss of data
       Link:
         C:\Program Files (x86)\Microsoft Visual Studio 12.0\VC\bin\link.exe /ERRORREPORT:PROMPT /OUT:"..\..\..\Source\spelunky_1_1\Bot.dll" /INCREMENTAL:NO /NOLOGO kernel32.lib user32.lib gdi32.lib winspool.lib comdlg32.lib advapi32.lib shell32.lib ole32.lib oleaut32.lib uuid.lib odbc32.lib odbccp32.lib /MANIFEST /MANIFESTUAC:"level='asInvoker' uiAccess='false'" /manifest:embed /DEBUG /PDB:"..\..\..\Source\spelunky_1_1\Bot.pdb" /SUBSYSTEM:WINDOWS /OPT:REF /OPT:ICF /LTCG /TLBID:1 /DYNAMICBASE /NXCOMPAT /IMPLIB:"..\..\..\Source\spelunky_1_1\Bot.lib" /MACHINE:X86 /SAFESEH /DLL Release\dllmain.obj
         Release\Bot.obj
         Release\stdafx.obj
            Creating library ..\..\..\Source\spelunky_1_1\Bot.lib and object ..\..\..\Source\spelunky_1_1\Bot.exp
         Generating code
         Finished generating code
         SpelunkBot.vcxproj -> C:\Users\Samuel\Documents\GitHub\Rasmus\DLL Solution\Bot\SpelunkBot\..\..\..\Source\spelunky_1_1\Bot.dll
     1>Done Building Project "C:\Users\Samuel\Documents\GitHub\Rasmus\DLL Solution\Bot\SpelunkBot\SpelunkBot.vcxproj" (Build target(s)).

Build succeeded.

Time Elapsed 00:00:05.05
